Using pre-set license
Built from '2021.3/staging' branch; Version is '2021.3.6f1 (7da38d85baf6) revision 8233869'; Using compiler version '192829333'; Build Type 'Release'
OS: 'Windows 10  (10.0.19044) 64bit Core' Language: 'ja' Physical Memory: 65468 MB
BatchMode: 1, IsHumanControllingUs: 0, StartBugReporterOnCrash: 0, Is64bit: 1, IsPro: 1

COMMAND LINE ARGUMENTS:
C:\Program Files\Unity\Hub\Editor\2021.3.6f1\Editor\Unity.exe
-adb2
-batchMode
-noUpm
-name
AssetImportWorker0
-projectPath
C:/Users/MrTJP/Documents/MyProject/Unity/UltimateRSP/UltimateRSP
-logFile
Logs/AssetImportWorker0.log
-srvPort
60598
Successfully changed project path to: C:/Users/MrTJP/Documents/MyProject/Unity/UltimateRSP/UltimateRSP
C:/Users/MrTJP/Documents/MyProject/Unity/UltimateRSP/UltimateRSP
[UnityMemory] Configuration Parameters - Can be set up in boot.config
    "memorysetup-bucket-allocator-granularity=16"
    "memorysetup-bucket-allocator-bucket-count=8"
    "memorysetup-bucket-allocator-block-size=33554432"
    "memorysetup-bucket-allocator-block-count=8"
    "memorysetup-main-allocator-block-size=16777216"
    "memorysetup-thread-allocator-block-size=16777216"
    "memorysetup-gfx-main-allocator-block-size=16777216"
    "memorysetup-gfx-thread-allocator-block-size=16777216"
    "memorysetup-cache-allocator-block-size=4194304"
    "memorysetup-typetree-allocator-block-size=2097152"
    "memorysetup-profiler-bucket-allocator-granularity=16"
    "memorysetup-profiler-bucket-allocator-bucket-count=8"
    "memorysetup-profiler-bucket-allocator-block-size=33554432"
    "memorysetup-profiler-bucket-allocator-block-count=8"
    "memorysetup-profiler-allocator-block-size=16777216"
    "memorysetup-profiler-editor-allocator-block-size=1048576"
    "memorysetup-temp-allocator-size-main=16777216"
    "memorysetup-job-temp-allocator-block-size=2097152"
    "memorysetup-job-temp-allocator-block-size-background=1048576"
    "memorysetup-job-temp-allocator-reduction-small-platforms=262144"
    "memorysetup-temp-allocator-size-background-worker=32768"
    "memorysetup-temp-allocator-size-job-worker=262144"
    "memorysetup-temp-allocator-size-preload-manager=33554432"
    "memorysetup-temp-allocator-size-nav-mesh-worker=65536"
    "memorysetup-temp-allocator-size-audio-worker=65536"
    "memorysetup-temp-allocator-size-cloud-worker=32768"
    "memorysetup-temp-allocator-size-gi-baking-worker=262144"
    "memorysetup-temp-allocator-size-gfx=262144"
Refreshing native plugins compatible for Editor in 106.10 ms, found 5 plugins.
Preloading 0 native plugins for Editor in 0.00 ms.
Initialize engine version: 2021.3.6f1 (7da38d85baf6)
[Subsystems] Discovering subsystems at path C:/Program Files/Unity/Hub/Editor/2021.3.6f1/Editor/Data/Resources/UnitySubsystems
[Subsystems] Discovering subsystems at path C:/Users/MrTJP/Documents/MyProject/Unity/UltimateRSP/UltimateRSP/Assets
GfxDevice: creating device client; threaded=0; jobified=0
Direct3D:
    Version:  Direct3D 11.0 [level 11.1]
    Renderer: NVIDIA GeForce RTX 2070 SUPER (ID=0x1e84)
    Vendor:   NVIDIA
    VRAM:     8012 MB
    Driver:   31.0.15.1694
Initialize mono
Mono path[0] = 'C:/Program Files/Unity/Hub/Editor/2021.3.6f1/Editor/Data/Managed'
Mono path[1] = 'C:/Program Files/Unity/Hub/Editor/2021.3.6f1/Editor/Data/MonoBleedingEdge/lib/mono/unityjit-win32'
Mono config path = 'C:/Program Files/Unity/Hub/Editor/2021.3.6f1/Editor/Data/MonoBleedingEdge/etc'
Using monoOptions --debugger-agent=transport=dt_socket,embedding=1,server=y,suspend=n,address=127.0.0.1:56096
Begin MonoManager ReloadAssembly
Registering precompiled unity dll's ...
Register platform support module: C:/Program Files/Unity/Hub/Editor/2021.3.6f1/Editor/Data/PlaybackEngines/WindowsStandaloneSupport/UnityEditor.WindowsStandalone.Extensions.dll
Register platform support module: C:/Program Files/Unity/Hub/Editor/2021.3.6f1/Editor/Data/PlaybackEngines/LinuxStandaloneSupport/UnityEditor.LinuxStandalone.Extensions.dll
Registered in 0.007632 seconds.
Native extension for LinuxStandalone target not found
Native extension for WindowsStandalone target not found
Refreshing native plugins compatible for Editor in 101.18 ms, found 5 plugins.
Preloading 0 native plugins for Editor in 0.00 ms.
Mono: successfully reloaded assembly
- Completed reload, in  0.574 seconds
Domain Reload Profiling:
	ReloadAssembly (575ms)
		BeginReloadAssembly (70ms)
			ExecutionOrderSort (0ms)
			DisableScriptedObjects (0ms)
			BackupInstance (0ms)
			ReleaseScriptingObjects (0ms)
			CreateAndSetChildDomain (1ms)
		EndReloadAssembly (406ms)
			LoadAssemblies (67ms)
			RebuildTransferFunctionScriptingTraits (0ms)
			SetupTypeCache (89ms)
			ReleaseScriptCaches (0ms)
			RebuildScriptCaches (26ms)
			SetupLoadedEditorAssemblies (248ms)
				LogAssemblyErrors (0ms)
				InitializePlatformSupportModulesInManaged (10ms)
				SetLoadedEditorAssemblies (0ms)
				RefreshPlugins (101ms)
				BeforeProcessingInitializeOnLoad (1ms)
				ProcessInitializeOnLoadAttributes (99ms)
				ProcessInitializeOnLoadMethodAttributes (37ms)
				AfterProcessingInitializeOnLoad (0ms)
				EditorAssembliesLoaded (0ms)
			ExecutionOrderSort2 (0ms)
			AwakeInstancesAfterBackupRestoration (0ms)
Platform modules already initialized, skipping
Registering precompiled user dll's ...
Registered in 0.010396 seconds.
Begin MonoManager ReloadAssembly
Symbol file LoadedFromMemory doesn't match image C:\Users\MrTJP\Documents\MyProject\Unity\UltimateRSP\UltimateRSP\Library\PackageCache\com.unity.visualscripting@1.7.8\Editor\VisualScripting.Core\Dependencies\YamlDotNet\Unity.VisualScripting.YamlDotNet.dll
Symbol file LoadedFromMemory doesn't match image C:\Users\MrTJP\Documents\MyProject\Unity\UltimateRSP\UltimateRSP\Library\PackageCache\com.unity.visualscripting@1.7.8\Editor\VisualScripting.Core\Dependencies\DotNetZip\Unity.VisualScripting.IonicZip.dll
Native extension for LinuxStandalone target not found
Native extension for WindowsStandalone target not found
Refreshing native plugins compatible for Editor in 101.62 ms, found 5 plugins.
Preloading 0 native plugins for Editor in 0.00 ms.
Error saving file Library/StateCache/LayerSettings/9e/9ecc5c3c162a7aba29bafa64c8b94b7c.json. Error: System.IO.IOException: Sharing violation on path C:\Users\MrTJP\Documents\MyProject\Unity\UltimateRSP\UltimateRSP\Library\StateCache\LayerSettings\9e\9ecc5c3c162a7aba29bafa64c8b94b7c.json
  at System.IO.FileStream..ctor (System.String path, System.IO.FileMode mode, System.IO.FileAccess access, System.IO.FileShare share, System.Int32 bufferSize, System.Boolean anonymous, System.IO.FileOptions options) [0x0019e] in <e40e5a8f982c4b618a930d29f9bd091c>:0 
  at System.IO.FileStream..ctor (System.String path, System.IO.FileMode mode, System.IO.FileAccess access, System.IO.FileShare share, System.Int32 bufferSize, System.IO.FileOptions options) [0x00000] in <e40e5a8f982c4b618a930d29f9bd091c>:0 
  at (wrapper remoting-invoke-with-check) System.IO.FileStream..ctor(string,System.IO.FileMode,System.IO.FileAccess,System.IO.FileShare,int,System.IO.FileOptions)
  at System.IO.StreamWriter..ctor (System.String path, System.Boolean append, System.Text.Encoding encoding, System.Int32 bufferSize) [0x00055] in <e40e5a8f982c4b618a930d29f9bd091c>:0 
  at System.IO.StreamWriter..ctor (System.String path, System.Boolean append, System.Text.Encoding encoding) [0x00000] in <e40e5a8f982c4b618a930d29f9bd091c>:0 
  at (wrapper remoting-invoke-with-check) System.IO.StreamWriter..ctor(string,bool,System.Text.Encoding)
  at System.IO.File.WriteAllText (System.String path, System.String contents, System.Text.Encoding encoding) [0x00034] in <e40e5a8f982c4b618a930d29f9bd091c>:0 
  at UnityEditor.StateCache`1[T].SetState (UnityEngine.Hash128 key, T obj) [0x0004b] in <44a70d1b13cf47e29810e30f45ffae08>:0 
UnityEngine.StackTraceUtility:ExtractStackTrace ()
UnityEngine.DebugLogHandler:LogFormat (UnityEngine.LogType,UnityEngine.Object,string,object[])
UnityEngine.Logger:Log (UnityEngine.LogType,object)
UnityEngine.Debug:LogError (object)
UnityEditor.StateCache`1<UnityEditor.Tools/LayerSettings>:SetState (UnityEngine.Hash128,UnityEditor.Tools/LayerSettings)
UnityEditor.Tools:set_lockedLayers (int)
UnityEditor.Tools:OnEnable ()
UnityEngine.ScriptableObject:CreateInstance (System.Type)
UnityEngine.ScriptableObject:CreateInstance<UnityEditor.Tools> ()
UnityEditor.Tools:get_get ()
UnityEditor.Tools:get_visibleLayers ()
UnityEditor.Animations.Rigging.BoneRendererUtils:.cctor () (at Library/PackageCache/com.unity.animation.rigging@1.1.1/Editor/Utils/BoneRendererUtils.cs:121)
System.Runtime.CompilerServices.RuntimeHelpers:RunClassConstructor (System.RuntimeTypeHandle)
UnityEditor.EditorAssemblies:ProcessInitializeOnLoadAttributes (System.Type[])

(Filename: Library/PackageCache/com.unity.animation.rigging@1.1.1/Editor/Utils/BoneRendererUtils.cs Line: 121)

Mono: successfully reloaded assembly
- Completed reload, in  1.154 seconds
Domain Reload Profiling:
	ReloadAssembly (1154ms)
		BeginReloadAssembly (101ms)
			ExecutionOrderSort (0ms)
			DisableScriptedObjects (4ms)
			BackupInstance (0ms)
			ReleaseScriptingObjects (0ms)
			CreateAndSetChildDomain (16ms)
		EndReloadAssembly (937ms)
			LoadAssemblies (87ms)
			RebuildTransferFunctionScriptingTraits (0ms)
			SetupTypeCache (238ms)
			ReleaseScriptCaches (1ms)
			RebuildScriptCaches (69ms)
			SetupLoadedEditorAssemblies (508ms)
				LogAssemblyErrors (0ms)
				InitializePlatformSupportModulesInManaged (8ms)
				SetLoadedEditorAssemblies (0ms)
				RefreshPlugins (102ms)
				BeforeProcessingInitializeOnLoad (117ms)
				ProcessInitializeOnLoadAttributes (202ms)
				ProcessInitializeOnLoadMethodAttributes (69ms)
				AfterProcessingInitializeOnLoad (11ms)
				EditorAssembliesLoaded (0ms)
			ExecutionOrderSort2 (0ms)
			AwakeInstancesAfterBackupRestoration (7ms)
Platform modules already initialized, skipping
========================================================================
Worker process is ready to serve import requests
Launched and connected shader compiler UnityShaderCompiler.exe after 0.04 seconds
Refreshing native plugins compatible for Editor in 1.05 ms, found 5 plugins.
Preloading 0 native plugins for Editor in 0.00 ms.
Unloading 5847 Unused Serialized files (Serialized files now loaded: 0)
Unloading 38 unused Assets / (1.5 MB). Loaded Objects now: 6299.
Memory consumption went from 226.1 MB to 224.6 MB.
Total: 3.934700 ms (FindLiveObjects: 0.518800 ms CreateObjectMapping: 0.232200 ms MarkObjects: 2.751400 ms  DeleteObjects: 0.431300 ms)

AssetImportParameters requested are different than current active one (requested -> active):
  custom:video-decoder-ogg-theora: a1e56fd34408186e4bbccfd4996cb3dc -> 
  custom:container-muxer-webm: aa71ff27fc2769a1b78a27578f13a17b -> 
  custom:container-demuxer-webm: 4f35f7cbe854078d1ac9338744f61a02 -> 
  custom:video-encoder-webm-vp8: eb34c28f22e8b96e1ab97ce403110664 -> 
  custom:audio-encoder-webm-vorbis: bf7c407c2cedff20999df2af8eb42d56 -> 
  custom:framework-win-MediaFoundation: 216162199b28c13a410421893ffa2e32 -> 
  custom:container-demuxer-ogg: 62fdf1f143b41e24485cea50d1cbac27 -> 
  custom:video-decoder-webm-vp8: 9c59270c3fd7afecdb556c50c9e8de78 -> 
  custom:audio-decoder-ogg-vorbis: bf7c407c2cedff20999df2af8eb42d56 -> 
========================================================================
Received Import Request.
  Time since last request: 13507.722618 seconds.
  path: Assets/Entitys
  artifactKey: Guid(fa1e37069909b334fbc7bd709959781b) Importer(815301076,1909f56bfc062723c751e8b465ee728b)
Start importing Assets/Entitys using Guid(fa1e37069909b334fbc7bd709959781b) Importer(815301076,1909f56bfc062723c751e8b465ee728b)  -> (artifact id: '8ffecf933edcf7bbe37a889abb06cb95') in 0.014338 seconds 
========================================================================
Received Import Request.
  Time since last request: 54.184279 seconds.
  path: Assets/Entitys/Animations/hand
  artifactKey: Guid(c66a77c1f0425a446904429e4cd2540a) Importer(815301076,1909f56bfc062723c751e8b465ee728b)
Start importing Assets/Entitys/Animations/hand using Guid(c66a77c1f0425a446904429e4cd2540a) Importer(815301076,1909f56bfc062723c751e8b465ee728b)  -> (artifact id: '6105da08ce9a831004412ad4128187ca') in 0.005321 seconds 
========================================================================
Received Import Request.
  Time since last request: 829.245280 seconds.
  path: Assets/View/Shaders/Hand.shadergraph
  artifactKey: Guid(13b3afa1c38d8cf488217985884daaa5) Importer(815301076,1909f56bfc062723c751e8b465ee728b)
Start importing Assets/View/Shaders/Hand.shadergraph using Guid(13b3afa1c38d8cf488217985884daaa5) Importer(815301076,1909f56bfc062723c751e8b465ee728b)  -> (artifact id: '22b5090aed6daaa16c074bcbd97e06b6') in 0.028195 seconds 
========================================================================
Received Import Request.
  Time since last request: 19.807804 seconds.
  path: Assets/View/Shaders/Hand.shadergraph
  artifactKey: Guid(13b3afa1c38d8cf488217985884daaa5) Importer(815301076,1909f56bfc062723c751e8b465ee728b)
Start importing Assets/View/Shaders/Hand.shadergraph using Guid(13b3afa1c38d8cf488217985884daaa5) Importer(815301076,1909f56bfc062723c751e8b465ee728b)  -> (artifact id: '661e3d6c854ffbb86b47ca306826653c') in 0.002787 seconds 
========================================================================
Received Import Request.
  Time since last request: 13.651739 seconds.
  path: Assets/View/Shaders/Hand.shadergraph
  artifactKey: Guid(13b3afa1c38d8cf488217985884daaa5) Importer(815301076,1909f56bfc062723c751e8b465ee728b)
Start importing Assets/View/Shaders/Hand.shadergraph using Guid(13b3afa1c38d8cf488217985884daaa5) Importer(815301076,1909f56bfc062723c751e8b465ee728b)  -> (artifact id: '23b5e113c8299c086bf7611120552553') in 0.002823 seconds 
========================================================================
Received Import Request.
  Time since last request: 4.577731 seconds.
  path: Assets/View/Shaders/Hand.shadergraph
  artifactKey: Guid(13b3afa1c38d8cf488217985884daaa5) Importer(815301076,1909f56bfc062723c751e8b465ee728b)
Start importing Assets/View/Shaders/Hand.shadergraph using Guid(13b3afa1c38d8cf488217985884daaa5) Importer(815301076,1909f56bfc062723c751e8b465ee728b)  -> (artifact id: 'c9316bf39cd9d7daaa876b32ac0c3eb5') in 0.002649 seconds 
========================================================================
Received Import Request.
  Time since last request: 5.103565 seconds.
  path: Assets/View/Shaders/Hand.shadergraph
  artifactKey: Guid(13b3afa1c38d8cf488217985884daaa5) Importer(815301076,1909f56bfc062723c751e8b465ee728b)
Start importing Assets/View/Shaders/Hand.shadergraph using Guid(13b3afa1c38d8cf488217985884daaa5) Importer(815301076,1909f56bfc062723c751e8b465ee728b)  -> (artifact id: '8fc42780a27f7a68835bb957b0fd989e') in 0.002606 seconds 
========================================================================
Received Import Request.
  Time since last request: 4.343902 seconds.
  path: Assets/View/Shaders/Hand.shadergraph
  artifactKey: Guid(13b3afa1c38d8cf488217985884daaa5) Importer(815301076,1909f56bfc062723c751e8b465ee728b)
Start importing Assets/View/Shaders/Hand.shadergraph using Guid(13b3afa1c38d8cf488217985884daaa5) Importer(815301076,1909f56bfc062723c751e8b465ee728b)  -> (artifact id: '77613f53e808c33ffe766aec3fb957d0') in 0.002689 seconds 
========================================================================
Received Import Request.
  Time since last request: 31.891854 seconds.
  path: Assets/View/Shaders/Hand.shadergraph
  artifactKey: Guid(13b3afa1c38d8cf488217985884daaa5) Importer(815301076,1909f56bfc062723c751e8b465ee728b)
Start importing Assets/View/Shaders/Hand.shadergraph using Guid(13b3afa1c38d8cf488217985884daaa5) Importer(815301076,1909f56bfc062723c751e8b465ee728b)  -> (artifact id: '656e9d43626388a6decaf518fde6ec81') in 0.002609 seconds 
========================================================================
Received Import Request.
  Time since last request: 6.044135 seconds.
  path: Assets/View/Shaders/Hand.shadergraph
  artifactKey: Guid(13b3afa1c38d8cf488217985884daaa5) Importer(815301076,1909f56bfc062723c751e8b465ee728b)
Start importing Assets/View/Shaders/Hand.shadergraph using Guid(13b3afa1c38d8cf488217985884daaa5) Importer(815301076,1909f56bfc062723c751e8b465ee728b)  -> (artifact id: '694cdc56c01c4942a521beb6998c1a58') in 0.002675 seconds 
========================================================================
Received Import Request.
  Time since last request: 9.437397 seconds.
  path: Assets/View/Shaders/Hand.shadergraph
  artifactKey: Guid(13b3afa1c38d8cf488217985884daaa5) Importer(815301076,1909f56bfc062723c751e8b465ee728b)
Start importing Assets/View/Shaders/Hand.shadergraph using Guid(13b3afa1c38d8cf488217985884daaa5) Importer(815301076,1909f56bfc062723c751e8b465ee728b)  -> (artifact id: '55b781afd56127b21ca7cd4205e5360f') in 0.002885 seconds 
========================================================================
Received Import Request.
  Time since last request: 16.551751 seconds.
  path: Assets/View/Shaders/Hand.shadergraph
  artifactKey: Guid(13b3afa1c38d8cf488217985884daaa5) Importer(815301076,1909f56bfc062723c751e8b465ee728b)
Start importing Assets/View/Shaders/Hand.shadergraph using Guid(13b3afa1c38d8cf488217985884daaa5) Importer(815301076,1909f56bfc062723c751e8b465ee728b)  -> (artifact id: 'f61a0ce90c3864f36ce9638180cae219') in 0.002606 seconds 
